<?xml version="1.0" encoding="UTF-8"?>
<!-- Generated by org.testng.reporters.JUnitReportReporter -->
<testsuite hostname="DESKTOP-M1LTF6H" failures="0" tests="1" name="tests.TestCase" time="18.971" errors="0" timestamp="2022-12-31T16:07:30 BDT" skipped="0">
  <testcase classname="tests.TestCase" name="Test" time="18.971"/>
  <system-out/>
</testsuite> <!-- tests.TestCase -->
